Summary of SPARK analysis
=========================

------------------------------------------------------------------------------------------------------
SPARK Analysis results        Total        Flow   Interval   CodePeer   Provers   Justified   Unproved
------------------------------------------------------------------------------------------------------
Data Dependencies                 .           .          .          .         .           .          .
Flow Dependencies                 .           .          .          .         .           .          .
Initialization                    2           2          .          .         .           .          .
Non-Aliasing                      .           .          .          .         .           .          .
Run-time Checks                   .           .          .          .         .           .          .
Assertions                        .           .          .          .         .           .          .
Functional Contracts              .           .          .          .         .           .          .
LSP Verification                  .           .          .          .         .           .          .
------------------------------------------------------------------------------------------------------
Total                             2    2 (100%)          .          .         .           .          .


max steps used for successful proof: 0

Analyzed 7 units
in unit main, 0 subprograms and packages out of 1 analyzed
  Main at main.adb:4 skipped
in unit pkg_alphavalue, 2 subprograms and packages out of 2 analyzed
  Pkg_alphaValue at pkg_alphavalue.ads:1 flow analyzed (0 errors, 0 checks and 0 warnings)
  Pkg_alphaValue.alphaValue at pkg_alphavalue.ads:6 flow analyzed (0 errors, 0 checks and 0 warnings)
in unit pkg_reversestring, 2 subprograms and packages out of 2 analyzed
  Pkg_reverseString at pkg_reversestring.ads:1 flow analyzed (0 errors, 0 checks and 0 warnings)
  Pkg_reverseString.reverseString at pkg_reversestring.ads:5 flow analyzed (0 errors, 0 checks and 0 warnings)
in unit pkg_scalechanger, 2 subprograms and packages out of 2 analyzed
  Pkg_ScaleChanger at pkg_scalechanger.ads:1 flow analyzed (0 errors, 0 checks and 0 warnings)
  Pkg_ScaleChanger.ScaleChanger at pkg_scalechanger.ads:3 flow analyzed (0 errors, 0 checks and 0 warnings)
in unit pkg_trianglearea, 2 subprograms and packages out of 2 analyzed
  Pkg_TriangleArea at pkg_trianglearea.ads:1 flow analyzed (0 errors, 0 checks and 0 warnings)
  Pkg_TriangleArea.TriangleArea at pkg_trianglearea.ads:3 flow analyzed (0 errors, 0 checks and 0 warnings)
in unit tests_alphavalue, 0 subprograms and packages out of 1 analyzed
  tests_alphaValue at tests_alphavalue.adb:4 skipped
in unit tests_reversestring, 0 subprograms and packages out of 1 analyzed
  Tests_reverseString at tests_reversestring.adb:4 skipped
